<?xml version="1.0" encoding="UTF-8"?>
<!-- Generated by org.testng.reporters.JUnitReportReporter -->
<testsuite hostname="DESKTOP-3E7Q3H3" failures="0" tests="7" name="org.shark.boot02.ApplicationTests" time="1.405" errors="0" timestamp="2025-09-15T17:10:51 KST" skipped="0">
  <testcase classname="org.shark.boot02.ApplicationTests" name="contextLoads" time="0.027"/>
  <testcase classname="org.shark.boot02.ApplicationTests" name="nowTest" time="0.115"/>
  <testcase classname="org.shark.boot02.ApplicationTests" name="boardInsertTest" time="0.032"/>
  <testcase classname="org.shark.boot02.ApplicationTests" name="boardDetailTest" time="0.016"/>
  <testcase classname="org.shark.boot02.ApplicationTests" name="boardListTest" time="1.179"/>
  <testcase classname="org.shark.boot02.ApplicationTests" name="boardUpdateTest" time="0.019"/>
  <testcase classname="org.shark.boot02.ApplicationTests" name="boardDeleteTest" time="0.017"/>
</testsuite> <!-- org.shark.boot02.ApplicationTests -->
